2024-11-11 17:34:51,861 INFO Fetching sales data from the database.
2024-11-11 17:34:51,906 INFO Fetched 2326 records from the database.
2024-11-11 17:34:51,906 INFO Starting data preprocessing.
2024-11-11 17:34:51,909 INFO Handling missing values.
2024-11-11 17:34:51,912 INFO Performing feature engineering.
2024-11-11 17:34:51,924 INFO Adding lag features.
2024-11-11 17:34:51,934 INFO Detected 272 outliers. Removing them.
2024-11-11 17:34:51,936 INFO Data preprocessing completed.
2024-11-11 17:34:51,937 INFO Starting model training and evaluation.
2024-11-11 17:34:51,939 INFO Training and evaluating model: LinearRegression
2024-11-11 17:34:51,997 INFO LinearRegression - MAE: 6.80, MSE: 326.71, R²: 0.98
2024-11-11 17:34:51,997 INFO Training and evaluating model: Ridge
2024-11-11 17:34:52,037 INFO Ridge - MAE: 9.25, MSE: 292.58, R²: 0.98
2024-11-11 17:34:52,037 INFO Training and evaluating model: Lasso
2024-11-11 17:34:52,103 INFO Lasso - MAE: 18.04, MSE: 1130.23, R²: 0.93
2024-11-11 17:34:52,104 INFO Training and evaluating model: RandomForest
2024-11-11 17:34:52,104 INFO Performing Grid Search for RandomForest
2024-11-11 17:36:03,660 INFO Best parameters for RandomForest: {'model__max_depth': None, 'model__min_samples_leaf': 1, 'model__min_samples_split': 2, 'model__n_estimators': 200}
2024-11-11 17:36:03,684 INFO RandomForest - MAE: 3.28, MSE: 102.03, R²: 0.99
2024-11-11 17:36:03,684 INFO Training and evaluating model: GradientBoosting
2024-11-11 17:36:03,684 INFO Performing Grid Search for GradientBoosting
2024-11-11 17:36:36,611 INFO Best parameters for GradientBoosting: {'model__learning_rate': 0.1, 'model__max_depth': 5, 'model__min_samples_leaf': 1, 'model__min_samples_split': 2, 'model__n_estimators': 200}
2024-11-11 17:36:36,621 INFO GradientBoosting - MAE: 4.07, MSE: 81.17, R²: 1.00
2024-11-11 17:36:36,622 INFO Best model: RandomForest with MAE: 3.28, MSE: 102.03, R²: 0.99
2024-11-11 17:36:36,664 INFO Best model saved as 'best_model.joblib'.
2024-11-11 17:36:36,670 INFO Plotting feature importances.
2024-11-11 17:40:15,076 INFO Fetching sales data from the database.
2024-11-11 17:40:15,122 INFO Fetched 2326 records from the database.
2024-11-11 17:40:15,123 INFO Starting data preprocessing.
2024-11-11 17:40:15,125 INFO Handling missing values.
2024-11-11 17:40:15,129 INFO Performing feature engineering.
2024-11-11 17:40:15,134 INFO Adding lag features.
2024-11-11 17:40:15,144 INFO Detected 272 outliers. Removing them.
2024-11-11 17:40:15,146 INFO Data preprocessing completed.
2024-11-11 17:40:15,147 INFO Starting model training and evaluation.
2024-11-11 17:40:15,148 INFO Training and evaluating model: LinearRegression
2024-11-11 17:40:15,200 INFO LinearRegression - MAE: 6.80, MSE: 326.71, R²: 0.98
2024-11-11 17:40:15,200 INFO Training and evaluating model: Ridge
2024-11-11 17:40:15,228 INFO Ridge - MAE: 9.25, MSE: 292.58, R²: 0.98
2024-11-11 17:40:15,228 INFO Training and evaluating model: Lasso
2024-11-11 17:40:15,297 INFO Lasso - MAE: 18.04, MSE: 1130.23, R²: 0.93
2024-11-11 17:40:15,297 INFO Training and evaluating model: RandomForest
2024-11-11 17:40:15,297 INFO Performing Grid Search for RandomForest
2024-11-11 17:41:33,421 INFO Best parameters for RandomForest: {'model__max_depth': None, 'model__min_samples_leaf': 1, 'model__min_samples_split': 2, 'model__n_estimators': 200}
2024-11-11 17:41:33,453 INFO RandomForest - MAE: 3.28, MSE: 102.03, R²: 0.99
2024-11-11 17:41:33,453 INFO Training and evaluating model: GradientBoosting
2024-11-11 17:41:33,453 INFO Performing Grid Search for GradientBoosting
2024-11-11 17:42:13,966 INFO Best parameters for GradientBoosting: {'model__learning_rate': 0.1, 'model__max_depth': 5, 'model__min_samples_leaf': 1, 'model__min_samples_split': 2, 'model__n_estimators': 200}
2024-11-11 17:42:13,982 INFO GradientBoosting - MAE: 4.07, MSE: 81.17, R²: 1.00
2024-11-11 17:42:13,983 INFO Best model: RandomForest with MAE: 3.28, MSE: 102.03, R²: 0.99
2024-11-11 17:42:14,055 INFO Best model saved as 'best_model.joblib'.
2024-11-11 17:42:14,065 INFO Plotting feature importances.
2024-11-11 17:42:14,632 INFO Feature importances plotted and saved as 'feature_importances.png'.
2024-11-11 17:42:14,633 INFO Model training and evaluation completed.
2024-11-11 18:12:25,584 INFO Fetching sales data from the database.
2024-11-11 18:12:25,610 INFO Fetched 2326 records from the database.
2024-11-11 18:12:25,610 INFO Starting data preprocessing.
2024-11-11 18:12:25,618 INFO Data after preprocessing has 2321 records.
2024-11-11 18:12:25,618 INFO Starting model training.
2024-11-11 18:12:26,985 INFO Model Evaluation Metrics - MAE: 39.86, MSE: 2995.68, R²: 0.84
2024-11-11 18:12:27,025 INFO Trained pipeline saved as 'best_model.joblib'.
2024-11-11 18:12:27,026 INFO Model training and saving completed.
2024-11-11 19:14:06,880 INFO Fetching sales data from the database.
2024-11-11 19:14:06,907 INFO Fetched 2326 records from the database.
2024-11-11 19:14:06,907 INFO Columns in fetched data: ['DATE', 'TOTAL']
2024-11-11 19:14:06,907 INFO Starting data preprocessing.
2024-11-11 19:14:06,913 INFO Creating lag feature: Total_Lag1.
2024-11-11 19:14:06,914 INFO Columns after feature engineering: ['DATE', 'TOTAL', 'Year', 'Month', 'Day', 'Quarter', 'DayOfWeek', 'IsWeekend', 'Total_Lag1']
2024-11-11 19:14:06,916 INFO Dropped 1 rows due to NaN values from lag feature.
2024-11-11 19:14:06,916 INFO Data after preprocessing has 2325 records.
2024-11-11 19:14:06,916 INFO Starting model training.
2024-11-11 19:14:06,918 INFO Training set size: 1860 records.
2024-11-11 19:14:06,918 INFO Testing set size: 465 records.
2024-11-11 19:14:07,486 INFO Model training completed.
2024-11-11 19:14:07,509 INFO Model Evaluation Metrics on Test Set - MAE: 107.25, MSE: 22138.31, R²: -0.34
2024-11-11 19:14:07,553 INFO Trained pipeline saved as 'best_model.joblib'.
2024-11-11 19:14:07,553 INFO Model training and saving completed successfully.
2024-11-11 19:17:12,262 INFO Fetching sales data from the database.
2024-11-11 19:17:12,286 INFO Fetched 2326 records from the database.
2024-11-11 19:17:12,286 INFO Columns in fetched data: ['DATE', 'TOTAL']
2024-11-11 19:17:12,287 INFO Starting data preprocessing.
2024-11-11 19:17:12,293 INFO Creating lag features.
2024-11-11 19:17:12,295 INFO Created lag feature: Total_Lag1
2024-11-11 19:17:12,296 INFO Created lag feature: Total_Lag2
2024-11-11 19:17:12,296 INFO Created lag feature: Total_Lag3
2024-11-11 19:17:12,296 INFO Created lag feature: Total_Lag4
2024-11-11 19:17:12,297 INFO Created lag feature: Total_Lag5
2024-11-11 19:17:12,297 INFO Columns after feature engineering: ['DATE', 'TOTAL', 'Year', 'Month', 'Day', 'Quarter', 'DayOfWeek', 'IsWeekend', 'Total_Lag1', 'Total_Lag2', 'Total_Lag3', 'Total_Lag4', 'Total_Lag5']
2024-11-11 19:17:12,298 INFO Dropped 5 rows due to NaN values from lag features.
2024-11-11 19:17:12,299 INFO Data after preprocessing has 2321 records.
2024-11-11 19:17:12,299 INFO Starting model training.
2024-11-11 19:17:12,300 INFO Training set size: 1856 records.
2024-11-11 19:17:12,301 INFO Testing set size: 465 records.
2024-11-11 19:17:13,415 INFO Model training completed.
2024-11-11 19:17:13,438 INFO Model Evaluation Metrics on Test Set - MAE: 107.11, MSE: 18833.53, R²: -0.21
2024-11-11 19:17:13,484 INFO Trained pipeline saved as 'best_model.joblib'.
2024-11-11 19:17:13,484 INFO Model training and saving completed successfully.
2024-11-11 19:17:40,105 INFO Fetching sales data from the database.
2024-11-11 19:17:40,130 INFO Fetched 2326 records from the database.
2024-11-11 19:17:40,131 INFO Starting data preprocessing.
2024-11-11 19:17:40,137 INFO Created 'Total_Lag1' by shifting 'TOTAL' by 1 periods.
2024-11-11 19:17:40,138 INFO Created 'Total_Lag2' by shifting 'TOTAL' by 2 periods.
2024-11-11 19:17:40,138 INFO Created 'Total_Lag3' by shifting 'TOTAL' by 3 periods.
2024-11-11 19:17:40,139 INFO Created 'Total_Lag4' by shifting 'TOTAL' by 4 periods.
2024-11-11 19:17:40,139 INFO Created 'Total_Lag5' by shifting 'TOTAL' by 5 periods.
2024-11-11 19:17:40,141 INFO Dropped 5 records due to NaN values from lag features.
2024-11-11 19:17:40,141 INFO Data after preprocessing has 2321 records.
2024-11-11 19:17:40,141 INFO Starting model training.
2024-11-11 19:17:41,242 INFO Model training completed.
2024-11-11 19:17:41,261 INFO Model Evaluation Metrics on Test Set - MAE: 107.11, MSE: 18833.53, R²: -0.21
2024-11-11 19:17:41,302 INFO Trained pipeline saved as 'best_model.joblib'.
2024-11-11 19:17:41,302 INFO Model training and saving completed successfully.
2024-11-11 19:28:38,873 INFO === Model Training Script Started ===
2024-11-11 19:28:38,903 INFO Database connection established successfully.
2024-11-11 19:28:38,904 INFO Fetching sales data from the database.
2024-11-11 19:28:38,921 INFO Fetched 2326 records from the database.
2024-11-11 19:28:38,922 INFO Starting data preprocessing.
2024-11-11 19:28:38,926 INFO Converted 'DATE' to datetime and sorted the data.
2024-11-11 19:28:38,928 INFO Created temporal features.
2024-11-11 19:28:38,929 INFO Created 'TOTAL_LAG1' by shifting 'TOTAL' by 1 periods.
2024-11-11 19:28:38,929 INFO Created 'TOTAL_LAG2' by shifting 'TOTAL' by 2 periods.
2024-11-11 19:28:38,930 INFO Created 'TOTAL_LAG3' by shifting 'TOTAL' by 3 periods.
2024-11-11 19:28:38,931 INFO Dropped 3 records due to NaN values from lag features.
2024-11-11 19:28:38,931 INFO Data after preprocessing has 2323 records.
2024-11-11 19:28:38,931 INFO Starting model training.
2024-11-11 19:28:38,933 INFO Split data into training and testing sets.
2024-11-11 19:28:38,933 INFO Training set size: 1858
2024-11-11 19:28:38,933 INFO Testing set size: 465
2024-11-11 19:28:39,777 INFO Model training completed.
2024-11-11 19:28:39,796 INFO Model Evaluation Metrics on Test Set - MAE: 104.72, MSE: 21673.91, R²: -0.12
2024-11-11 19:28:39,838 INFO Trained pipeline saved as 'best_model.joblib'.
2024-11-11 19:28:39,838 INFO Model training and saving completed successfully.
2024-11-11 19:28:39,840 INFO === Model Training Script Finished Successfully ===
2024-11-11 19:33:55,588 INFO Fetching sales data from the database.
2024-11-11 19:33:55,634 INFO Fetched 2326 records from the database.
2024-11-11 19:33:55,634 INFO Starting data preprocessing.
2024-11-11 19:33:55,636 INFO Handling missing values.
2024-11-11 19:33:55,638 INFO Performing feature engineering.
2024-11-11 19:33:55,644 INFO Adding lag features.
2024-11-11 19:33:55,654 INFO Detected 272 outliers. Removing them.
2024-11-11 19:33:55,655 INFO Data preprocessing completed.
2024-11-11 19:33:55,655 INFO Starting model training and evaluation.
2024-11-11 19:33:55,656 INFO Training and evaluating model: LinearRegression
2024-11-11 19:33:55,713 INFO LinearRegression - MAE: 6.80, MSE: 326.71, R²: 0.98
2024-11-11 19:33:55,713 INFO Training and evaluating model: Ridge
2024-11-11 19:33:55,739 INFO Ridge - MAE: 9.25, MSE: 292.58, R²: 0.98
2024-11-11 19:33:55,739 INFO Training and evaluating model: Lasso
2024-11-11 19:33:55,804 INFO Lasso - MAE: 18.04, MSE: 1130.23, R²: 0.93
2024-11-11 19:33:55,804 INFO Training and evaluating model: RandomForest
2024-11-11 19:33:55,804 INFO Performing Grid Search for RandomForest
2024-11-11 19:35:19,893 INFO Best parameters for RandomForest: {'model__max_depth': None, 'model__min_samples_leaf': 1, 'model__min_samples_split': 2, 'model__n_estimators': 200}
2024-11-11 19:35:19,946 INFO RandomForest - MAE: 3.28, MSE: 102.03, R²: 0.99
2024-11-11 19:35:19,947 INFO Training and evaluating model: GradientBoosting
2024-11-11 19:35:19,947 INFO Performing Grid Search for GradientBoosting
2024-11-11 19:35:54,993 INFO Best parameters for GradientBoosting: {'model__learning_rate': 0.1, 'model__max_depth': 5, 'model__min_samples_leaf': 1, 'model__min_samples_split': 2, 'model__n_estimators': 200}
2024-11-11 19:35:55,002 INFO GradientBoosting - MAE: 4.07, MSE: 81.17, R²: 1.00
2024-11-11 19:35:55,002 INFO Best model: RandomForest with MAE: 3.28, MSE: 102.03, R²: 0.99
2024-11-11 19:35:55,046 INFO Best model saved as 'best_model.joblib'.
2024-11-11 19:35:55,053 INFO Plotting feature importances.
2024-11-11 19:35:55,449 INFO Feature importances plotted and saved as 'feature_importances.png'.
2024-11-11 19:35:55,450 INFO Model training and evaluation completed.
2024-11-11 20:16:36,031 INFO Fetching sales data from the database.
2024-11-11 20:16:36,076 INFO Fetched 2326 records from the database.
2024-11-11 20:16:36,077 INFO Starting data preprocessing.
2024-11-11 20:16:36,079 INFO Handling missing values.
2024-11-11 20:16:36,081 INFO Performing feature engineering.
2024-11-11 20:16:36,088 INFO Adding lag features.
2024-11-11 20:16:36,100 INFO Detected 272 outliers. Removing them.
2024-11-11 20:16:36,101 INFO Data preprocessing completed.
2024-11-11 20:16:36,102 INFO Starting model training and evaluation.
2024-11-11 20:16:36,103 INFO Training and evaluating model: LinearRegression
2024-11-11 20:16:36,157 INFO LinearRegression - MAE: 6.80, MSE: 326.71, R²: 0.98
2024-11-11 20:16:36,158 INFO Training and evaluating model: Ridge
2024-11-11 20:16:36,182 INFO Ridge - MAE: 9.25, MSE: 292.58, R²: 0.98
2024-11-11 20:16:36,183 INFO Training and evaluating model: Lasso
2024-11-11 20:16:36,247 INFO Lasso - MAE: 18.04, MSE: 1130.23, R²: 0.93
2024-11-11 20:16:36,248 INFO Training and evaluating model: RandomForest
2024-11-11 20:16:36,249 INFO Performing Grid Search for RandomForest
2024-11-11 20:17:37,469 INFO Best parameters for RandomForest: {'model__max_depth': None, 'model__min_samples_leaf': 1, 'model__min_samples_split': 2, 'model__n_estimators': 200}
2024-11-11 20:17:37,522 INFO RandomForest - MAE: 3.28, MSE: 102.03, R²: 0.99
2024-11-11 20:17:37,523 INFO Training and evaluating model: GradientBoosting
2024-11-11 20:17:37,523 INFO Performing Grid Search for GradientBoosting
2024-11-11 20:18:06,937 INFO Best parameters for GradientBoosting: {'model__learning_rate': 0.1, 'model__max_depth': 5, 'model__min_samples_leaf': 1, 'model__min_samples_split': 2, 'model__n_estimators': 200}
2024-11-11 20:18:06,952 INFO GradientBoosting - MAE: 4.07, MSE: 81.17, R²: 1.00
2024-11-11 20:18:06,952 INFO Best model: RandomForest with MAE: 3.28, MSE: 102.03, R²: 0.99
2024-11-11 20:18:07,016 INFO Best model saved as 'best_model.joblib'.
2024-11-11 20:18:07,025 INFO Plotting feature importances.
2024-11-11 20:18:07,566 INFO Feature importances plotted and saved as 'feature_importances.png'.
2024-11-11 20:18:07,567 INFO Model training and evaluation completed.
2024-11-11 20:22:51,065 INFO Fetching sales data from the database.
2024-11-11 20:22:51,115 INFO Fetched 2326 records from the database.
2024-11-11 20:22:51,116 INFO Starting data preprocessing.
2024-11-11 20:22:51,119 INFO Handling missing values.
2024-11-11 20:22:51,123 INFO Performing feature engineering.
2024-11-11 20:22:51,128 INFO Adding lag features.
2024-11-11 20:22:51,138 INFO Detected 272 outliers. Removing them.
2024-11-11 20:22:51,140 INFO Data preprocessing completed.
2024-11-11 20:22:51,141 INFO Starting model training and evaluation.
2024-11-11 20:22:51,142 INFO Training and evaluating model: LinearRegression
2024-11-11 20:22:51,199 INFO LinearRegression - MAE: 6.80, MSE: 326.71, R²: 0.98
2024-11-11 20:22:51,200 INFO Training and evaluating model: Ridge
2024-11-11 20:22:51,234 INFO Ridge - MAE: 9.25, MSE: 292.58, R²: 0.98
2024-11-11 20:22:51,234 INFO Training and evaluating model: Lasso
2024-11-11 20:22:51,304 INFO Lasso - MAE: 18.04, MSE: 1130.23, R²: 0.93
2024-11-11 20:22:51,304 INFO Training and evaluating model: RandomForest
2024-11-11 20:22:51,304 INFO Performing Grid Search for RandomForest
2024-11-11 20:24:04,723 INFO Best parameters for RandomForest: {'model__max_depth': None, 'model__min_samples_leaf': 1, 'model__min_samples_split': 2, 'model__n_estimators': 200}
2024-11-11 20:24:04,742 INFO RandomForest - MAE: 3.28, MSE: 102.03, R²: 0.99
2024-11-11 20:24:04,742 INFO Training and evaluating model: GradientBoosting
2024-11-11 20:24:04,742 INFO Performing Grid Search for GradientBoosting
2024-11-11 20:24:37,724 INFO Best parameters for GradientBoosting: {'model__learning_rate': 0.1, 'model__max_depth': 5, 'model__min_samples_leaf': 1, 'model__min_samples_split': 2, 'model__n_estimators': 200}
2024-11-11 20:24:37,733 INFO GradientBoosting - MAE: 4.07, MSE: 81.17, R²: 1.00
2024-11-11 20:24:37,733 INFO Best model: RandomForest with MAE: 3.28, MSE: 102.03, R²: 0.99
2024-11-11 20:24:37,771 INFO Best model saved as 'best_model.joblib'.
2024-11-11 20:24:37,772 INFO Model metrics saved as 'model_metrics.json'.
2024-11-11 20:24:37,779 INFO Plotting feature importances.
2024-11-11 20:24:38,129 INFO Feature importances plotted and saved as 'feature_importances.png'.
2024-11-11 20:24:38,129 INFO Model training and evaluation completed.
2024-11-11 20:30:01,276 INFO Fetching sales data from the database.
2024-11-11 20:30:01,326 INFO Fetched 2326 records from the database.
2024-11-11 20:30:01,327 INFO Starting data preprocessing.
2024-11-11 20:30:01,329 INFO Handling missing values.
2024-11-11 20:30:01,332 INFO Performing feature engineering.
2024-11-11 20:30:01,338 INFO Adding lag features.
2024-11-11 20:30:01,348 INFO Detected 272 outliers. Removing them.
2024-11-11 20:30:01,350 INFO Data preprocessing completed.
2024-11-11 20:30:01,351 INFO Starting model training and evaluation.
2024-11-11 20:30:01,353 INFO Training and evaluating model: LinearRegression
2024-11-11 20:30:01,412 INFO LinearRegression - MAE: 6.80, MSE: 326.71, R²: 0.98
2024-11-11 20:30:01,413 INFO Training and evaluating model: Ridge
2024-11-11 20:30:01,440 INFO Ridge - MAE: 9.25, MSE: 292.58, R²: 0.98
2024-11-11 20:30:01,441 INFO Training and evaluating model: Lasso
2024-11-11 20:30:01,510 INFO Lasso - MAE: 18.04, MSE: 1130.23, R²: 0.93
2024-11-11 20:30:01,511 INFO Training and evaluating model: RandomForest
2024-11-11 20:30:01,511 INFO Performing Grid Search for RandomForest
2024-11-11 20:31:11,588 INFO Best parameters for RandomForest: {'model__max_depth': None, 'model__min_samples_leaf': 1, 'model__min_samples_split': 2, 'model__n_estimators': 200}
2024-11-11 20:31:11,614 INFO RandomForest - MAE: 3.28, MSE: 102.03, R²: 0.99
2024-11-11 20:31:11,615 INFO Training and evaluating model: GradientBoosting
2024-11-11 20:31:11,615 INFO Performing Grid Search for GradientBoosting
2024-11-11 20:31:44,844 INFO Best parameters for GradientBoosting: {'model__learning_rate': 0.1, 'model__max_depth': 5, 'model__min_samples_leaf': 1, 'model__min_samples_split': 2, 'model__n_estimators': 200}
2024-11-11 20:31:44,869 INFO GradientBoosting - MAE: 4.07, MSE: 81.17, R²: 1.00
2024-11-11 20:31:44,870 INFO Best model: RandomForest with MAE: 3.28, MSE: 102.03, R²: 0.99
2024-11-11 20:31:44,931 INFO Best model saved as 'best_model.joblib'.
2024-11-11 20:31:44,931 INFO Model metrics saved as 'model_metrics.json'.
2024-11-11 20:31:44,947 INFO Plotting feature importances.
2024-11-11 20:31:45,472 INFO Feature importances plotted and saved as 'feature_importances.png'.
2024-11-11 20:31:45,472 INFO Model training and evaluation completed.
2024-11-11 20:52:20,012 INFO Loading sales data from the database.
2024-11-11 20:52:20,073 INFO Loaded 2326 records.
2024-11-11 20:52:20,075 INFO Starting hyperparameter tuning with GridSearchCV.
2024-11-11 20:53:31,960 INFO Fetching sales data from the database.
2024-11-11 20:53:32,004 INFO Fetched 2326 records from the database.
2024-11-11 20:53:32,004 INFO Starting data preprocessing.
2024-11-11 20:53:32,006 INFO Handling missing values.
2024-11-11 20:53:32,010 INFO Performing feature engineering.
2024-11-11 20:53:32,016 INFO Adding lag features.
2024-11-11 20:53:32,029 INFO Detected 272 outliers. Removing them.
2024-11-11 20:53:32,031 INFO Data preprocessing completed.
2024-11-11 20:53:32,032 INFO Starting model training and evaluation.
2024-11-11 20:53:32,033 INFO Training and evaluating model: LinearRegression
2024-11-11 20:53:32,091 INFO LinearRegression - MAE: 6.80, MSE: 326.71, R²: 0.98
2024-11-11 20:53:32,091 INFO Training and evaluating model: Ridge
2024-11-11 20:53:32,123 INFO Ridge - MAE: 9.25, MSE: 292.58, R²: 0.98
2024-11-11 20:53:32,123 INFO Training and evaluating model: Lasso
2024-11-11 20:53:32,191 INFO Lasso - MAE: 18.04, MSE: 1130.23, R²: 0.93
2024-11-11 20:53:32,191 INFO Training and evaluating model: RandomForest
2024-11-11 20:53:32,191 INFO Performing Grid Search for RandomForest
2024-11-11 20:55:14,175 INFO Best parameters for RandomForest: {'model__max_depth': None, 'model__min_samples_leaf': 1, 'model__min_samples_split': 2, 'model__n_estimators': 200}
2024-11-11 20:55:14,206 INFO RandomForest - MAE: 3.28, MSE: 102.03, R²: 0.99
2024-11-11 20:55:14,207 INFO Training and evaluating model: GradientBoosting
2024-11-11 20:55:14,207 INFO Performing Grid Search for GradientBoosting
2024-11-11 20:55:48,900 INFO Best parameters for GradientBoosting: {'model__learning_rate': 0.1, 'model__max_depth': 5, 'model__min_samples_leaf': 1, 'model__min_samples_split': 2, 'model__n_estimators': 200}
2024-11-11 20:55:48,918 INFO GradientBoosting - MAE: 4.07, MSE: 81.17, R²: 1.00
2024-11-11 20:55:48,919 INFO Best model: RandomForest with MAE: 3.28, MSE: 102.03, R²: 0.99
2024-11-11 20:55:49,003 INFO Best model saved as 'best_model.joblib'.
2024-11-11 20:55:49,004 INFO Model metrics saved as 'model_metrics.json'.
2024-11-11 20:55:49,021 INFO Plotting feature importances.
2024-11-11 20:55:49,687 INFO Feature importances plotted and saved as 'feature_importances.png'.
2024-11-11 20:55:49,687 INFO Model training and evaluation completed.
2024-11-11 21:24:09,575 INFO Fetching sales data from the database.
2024-11-11 21:24:09,619 INFO Fetched 2326 records from the database.
2024-11-11 21:24:09,619 INFO Starting data preprocessing.
2024-11-11 21:24:09,623 INFO Handling missing values.
2024-11-11 21:24:09,626 INFO Performing feature engineering.
2024-11-11 21:24:09,631 INFO Adding lag features.
2024-11-11 21:24:09,643 INFO Detected 272 outliers. Removing them.
2024-11-11 21:24:09,645 INFO Data preprocessing completed.
2024-11-11 21:24:09,645 INFO Starting model training and evaluation.
2024-11-11 21:24:09,646 INFO Training and evaluating model: LinearRegression
2024-11-11 21:24:09,705 INFO LinearRegression - MAE: 6.80, MSE: 326.71, R²: 0.98
2024-11-11 21:24:09,706 INFO Training and evaluating model: Ridge
2024-11-11 21:24:09,731 INFO Ridge - MAE: 9.25, MSE: 292.58, R²: 0.98
2024-11-11 21:24:09,732 INFO Training and evaluating model: Lasso
2024-11-11 21:24:09,793 INFO Lasso - MAE: 18.04, MSE: 1130.23, R²: 0.93
2024-11-11 21:24:09,794 INFO Training and evaluating model: RandomForest
2024-11-11 21:24:09,794 INFO Performing Grid Search for RandomForest
2024-11-11 21:25:10,960 INFO Best parameters for RandomForest: {'model__max_depth': None, 'model__min_samples_leaf': 1, 'model__min_samples_split': 2, 'model__n_estimators': 200}
2024-11-11 21:25:10,989 INFO RandomForest - MAE: 3.28, MSE: 102.03, R²: 0.99
2024-11-11 21:25:10,989 INFO Training and evaluating model: GradientBoosting
2024-11-11 21:25:10,989 INFO Performing Grid Search for GradientBoosting
2024-11-11 21:25:39,621 INFO Best parameters for GradientBoosting: {'model__learning_rate': 0.1, 'model__max_depth': 5, 'model__min_samples_leaf': 1, 'model__min_samples_split': 2, 'model__n_estimators': 200}
2024-11-11 21:25:39,632 INFO GradientBoosting - MAE: 4.07, MSE: 81.17, R²: 1.00
2024-11-11 21:25:39,633 INFO Best model: RandomForest with MAE: 3.28, MSE: 102.03, R²: 0.99
2024-11-11 21:25:39,696 INFO Best model saved as 'best_model.joblib'.
2024-11-11 21:25:39,697 INFO Model metrics saved as 'model_metrics.json'.
2024-11-11 21:25:39,706 INFO Plotting feature importances.
2024-11-11 21:25:40,219 INFO Feature importances plotted and saved as 'feature_importances.png'.
2024-11-11 21:25:40,220 INFO Model training and evaluation completed.
